This is pdfTeX, Version 3.1415926-2.5-1.40.14 (MiKTeX 2.9 64-bit) (preloaded format=pdflatex 2015.11.2)  6 MAY 2016 15:04
entering extended mode
**Msc_thesis.tex
(C:\Users\RAJ\OneDrive\sem_10\Project\Msc_thesis.tex
LaTeX2e <2011/06/27>
Babel <v3.8m> and hyphenation patterns for english, afrikaans, ancientgreek, ar
abic, armenian, assamese, basque, bengali, bokmal, bulgarian, catalan, coptic, 
croatian, czech, danish, dutch, esperanto, estonian, farsi, finnish, french, ga
lician, german, german-x-2013-05-26, greek, gujarati, hindi, hungarian, iceland
ic, indonesian, interlingua, irish, italian, kannada, kurmanji, latin, latvian,
 lithuanian, malayalam, marathi, mongolian, mongolianlmc, monogreek, ngerman, n
german-x-2013-05-26, nynorsk, oriya, panjabi, pinyin, polish, portuguese, roman
ian, russian, sanskrit, serbian, slovak, slovenian, spanish, swedish, swissgerm
an, tamil, telugu, turkish, turkmen, ukenglish, ukrainian, uppersorbian, usengl
ishmax, welsh, loaded.
("C:\Program Files\MiKTeX 2.9\tex\latex\base\article.cls"
Document Class: article 2007/10/19 v1.4h Standard LaTeX document class
("C:\Program Files\MiKTeX 2.9\tex\latex\base\size12.clo"
File: size12.clo 2007/10/19 v1.4h Standard LaTeX file (size option)
)
\c@part=\count79
\c@section=\count80
\c@subsection=\count81
\c@subsubsection=\count82
\c@paragraph=\count83
\c@subparagraph=\count84
\c@figure=\count85
\c@table=\count86
\abovecaptionskip=\skip41
\belowcaptionskip=\skip42
\bibindent=\dimen102
)
("C:\Program Files\MiKTeX 2.9\tex\latex\epsf\epsf.sty"
This is `epsf.tex' v2.7.4 <14 February 2011>
\epsffilein=\read1
\epsfframemargin=\dimen103
\epsfframethickness=\dimen104
\epsfrsize=\dimen105
\epsftmp=\dimen106
\epsftsize=\dimen107
\epsfxsize=\dimen108
\epsfysize=\dimen109
\pspoints=\dimen110
) ("C:\Program Files\MiKTeX 2.9\tex\latex\graphics\graphicx.sty"
Package: graphicx 1999/02/16 v1.0f Enhanced LaTeX Graphics (DPC,SPQR)

("C:\Program Files\MiKTeX 2.9\tex\latex\graphics\keyval.sty"
Package: keyval 1999/03/16 v1.13 key=value parser (DPC)
\KV@toks@=\toks14
)
("C:\Program Files\MiKTeX 2.9\tex\latex\graphics\graphics.sty"
Package: graphics 2009/02/05 v1.0o Standard LaTeX Graphics (DPC,SPQR)

("C:\Program Files\MiKTeX 2.9\tex\latex\graphics\trig.sty"
Package: trig 1999/03/16 v1.09 sin cos tan (DPC)
)
("C:\Program Files\MiKTeX 2.9\tex\latex\00miktex\graphics.cfg"
File: graphics.cfg 2007/01/18 v1.5 graphics configuration of teTeX/TeXLive
)
Package graphics Info: Driver file: pdftex.def on input line 91.

("C:\Program Files\MiKTeX 2.9\tex\latex\pdftex-def\pdftex.def"
File: pdftex.def 2011/05/27 v0.06d Graphics/color for pdfTeX

("C:\Program Files\MiKTeX 2.9\tex\generic\oberdiek\infwarerr.sty"
Package: infwarerr 2010/04/08 v1.3 Providing info/warning/error messages (HO)
)
("C:\Program Files\MiKTeX 2.9\tex\generic\oberdiek\ltxcmds.sty"
Package: ltxcmds 2011/11/09 v1.22 LaTeX kernel commands for general use (HO)
)
\Gread@gobject=\count87
))
\Gin@req@height=\dimen111
\Gin@req@width=\dimen112
)
("C:\Program Files\MiKTeX 2.9\tex\latex\wrapfig\wrapfig.sty"
\wrapoverhang=\dimen113
\WF@size=\dimen114
\c@WF@wrappedlines=\count88
\WF@box=\box26
\WF@everypar=\toks15
Package: wrapfig 2003/01/31  v 3.6
)
("C:\Program Files\MiKTeX 2.9\tex\latex\lipsum\lipsum.sty"
Package: lipsum 2011/04/14 v1.2 150 paragraphs of Lorem Ipsum dummy text
\c@lips@count=\count89
)
("C:\Program Files\MiKTeX 2.9\tex\latex\amsfonts\amsfonts.sty"
Package: amsfonts 2013/01/14 v3.01 Basic AMSFonts support
\@emptytoks=\toks16
\symAMSa=\mathgroup4
\symAMSb=\mathgroup5
LaTeX Font Info:    Overwriting math alphabet `\mathfrak' in version `bold'
(Font)                  U/euf/m/n --> U/euf/b/n on input line 106.
)
("C:\Program Files\MiKTeX 2.9\tex\latex\amsfonts\amssymb.sty"
Package: amssymb 2013/01/14 v3.01 AMS font symbols
)
("C:\Program Files\MiKTeX 2.9\tex\latex\amsmath\amsmath.sty"
Package: amsmath 2013/01/14 v2.14 AMS math features
\@mathmargin=\skip43

For additional information on amsmath, use the `?' option.
("C:\Program Files\MiKTeX 2.9\tex\latex\amsmath\amstext.sty"
Package: amstext 2000/06/29 v2.01

("C:\Program Files\MiKTeX 2.9\tex\latex\amsmath\amsgen.sty"
File: amsgen.sty 1999/11/30 v2.0
\@emptytoks=\toks17
\ex@=\dimen115
))
("C:\Program Files\MiKTeX 2.9\tex\latex\amsmath\amsbsy.sty"
Package: amsbsy 1999/11/29 v1.2d
\pmbraise@=\dimen116
)
("C:\Program Files\MiKTeX 2.9\tex\latex\amsmath\amsopn.sty"
Package: amsopn 1999/12/14 v2.01 operator names
)
\inf@bad=\count90
LaTeX Info: Redefining \frac on input line 210.
\uproot@=\count91
\leftroot@=\count92
LaTeX Info: Redefining \overline on input line 306.
\classnum@=\count93
\DOTSCASE@=\count94
LaTeX Info: Redefining \ldots on input line 378.
LaTeX Info: Redefining \dots on input line 381.
LaTeX Info: Redefining \cdots on input line 466.
\Mathstrutbox@=\box27
\strutbox@=\box28
\big@size=\dimen117
LaTeX Font Info:    Redeclaring font encoding OML on input line 566.
LaTeX Font Info:    Redeclaring font encoding OMS on input line 567.
\macc@depth=\count95
\c@MaxMatrixCols=\count96
\dotsspace@=\muskip10
\c@parentequation=\count97
\dspbrk@lvl=\count98
\tag@help=\toks18
\row@=\count99
\column@=\count100
\maxfields@=\count101
\andhelp@=\toks19
\eqnshift@=\dimen118
\alignsep@=\dimen119
\tagshift@=\dimen120
\tagwidth@=\dimen121
\totwidth@=\dimen122
\lineht@=\dimen123
\@envbody=\toks20
\multlinegap=\skip44
\multlinetaggap=\skip45
\mathdisplay@stack=\toks21
LaTeX Info: Redefining \[ on input line 2665.
LaTeX Info: Redefining \] on input line 2666.
)
("C:\Program Files\MiKTeX 2.9\tex\latex\amsmath\amscd.sty"
Package: amscd 1999/11/29 v2.0
\athelp@=\toks22
\minaw@=\dimen124
\bigaw@=\dimen125
\minCDarrowwidth=\dimen126
)
("C:\Program Files\MiKTeX 2.9\tex\latex\amscls\amsthm.sty"
Package: amsthm 2004/08/06 v2.20
\thm@style=\toks23
\thm@bodyfont=\toks24
\thm@headfont=\toks25
\thm@notefont=\toks26
\thm@headpunct=\toks27
\thm@preskip=\skip46
\thm@postskip=\skip47
\thm@headsep=\skip48
\dth@everypar=\toks28
)
("C:\Program Files\MiKTeX 2.9\tex\latex\graphics\epsfig.sty"
Package: epsfig 1999/02/16 v1.7a (e)psfig emulation (SPQR)
\epsfxsize=\dimen127
\epsfysize=\dimen128
)
("C:\Program Files\MiKTeX 2.9\tex\latex\tools\tabularx.sty"
Package: tabularx 1999/01/07 v2.07 `tabularx' package (DPC)

("C:\Program Files\MiKTeX 2.9\tex\latex\tools\array.sty"
Package: array 2008/09/09 v2.4c Tabular extension package (FMi)
\col@sep=\dimen129
\extrarowheight=\dimen130
\NC@list=\toks29
\extratabsurround=\skip49
\backup@length=\skip50
)
\TX@col@width=\dimen131
\TX@old@table=\dimen132
\TX@old@col=\dimen133
\TX@target=\dimen134
\TX@delta=\dimen135
\TX@cols=\count102
\TX@ftn=\toks30
)
("C:\Program Files\MiKTeX 2.9\tex\latex\float\float.sty"
Package: float 2001/11/08 v1.3d Float enhancements (AL)
\c@float@type=\count103
\float@exts=\toks31
\float@box=\box29
\@float@everytoks=\toks32
\@floatcapt=\box30
)
("C:\Program Files\MiKTeX 2.9\tex\latex\parallel\parallel.sty"
Package: parallel 2003/04/13, setting two texts parallel (me)

`parallel': setting two texts parallel, (beta 4) 2003/04/13.
\ParallelLWidth=\dimen136
\ParallelRWidth=\dimen137
\ParallelTextWidth=\dimen138
\ParallelLeftMargin=\dimen139
\ParallelUserMidSkip=\dimen140
\ParallelMainMidSkip=\dimen141
\ParallelLBox=\box31
\ParallelRBox=\box32
\ParallelBoxVar=\box33
\ParallelLTok=\box34
\ParallelRTok=\box35
\ParallelBoolVar=\count104
\ParallelBoolMid=\count105
\ParallelWhichBox=\count106
\ParallelMainMode=\count107
\ParallelFNMode=\count108
\ParallelLFNCounter=\count109
\ParallelRFNCounter=\count110
\ParallelMaxFN=\count111
\ParallelFNNumMode=\count112
)
("C:\Program Files\MiKTeX 2.9\tex\latex\a4wide\a4wide.sty"
Package: a4wide 1994/08/30

("C:\Program Files\MiKTeX 2.9\tex\latex\ntgclass\a4.sty"
Package: a4 2004/04/15 v1.2g A4 based page layout
))
(C:\Users\RAJ\OneDrive\sem_10\Project\Msc_thesis.aux)
LaTeX Font Info:    Checking defaults for OML/cmm/m/it on input line 11.
LaTeX Font Info:    ... okay on input line 11.
LaTeX Font Info:    Checking defaults for T1/cmr/m/n on input line 11.
LaTeX Font Info:    ... okay on input line 11.
LaTeX Font Info:    Checking defaults for OT1/cmr/m/n on input line 11.
LaTeX Font Info:    ... okay on input line 11.
LaTeX Font Info:    Checking defaults for OMS/cmsy/m/n on input line 11.
LaTeX Font Info:    ... okay on input line 11.
LaTeX Font Info:    Checking defaults for OMX/cmex/m/n on input line 11.
LaTeX Font Info:    ... okay on input line 11.
LaTeX Font Info:    Checking defaults for U/cmr/m/n on input line 11.
LaTeX Font Info:    ... okay on input line 11.

("C:\Program Files\MiKTeX 2.9\tex\context\base\supp-pdf.mkii"
[Loading MPS to PDF converter (version 2006.09.02).]
\scratchcounter=\count113
\scratchdimen=\dimen142
\scratchbox=\box36
\nofMPsegments=\count114
\nofMParguments=\count115
\everyMPshowfont=\toks33
\MPscratchCnt=\count116
\MPscratchDim=\dimen143
\MPnumerator=\count117
\makeMPintoPDFobject=\count118
\everyMPtoPDFconversion=\toks34
)
<C:/Users/RAJ/OneDrive/sem_10/Project/Graphs/NitLogo.jpg, id=1, 401.5pt x 401.5
pt>
File: C:/Users/RAJ/OneDrive/sem_10/Project/Graphs/NitLogo.jpg Graphic file (typ
e jpg)
 <use C:/Users/RAJ/OneDrive/sem_10/Project/Graphs/NitLogo.jpg>
Package pdftex.def Info: C:/Users/RAJ/OneDrive/sem_10/Project/Graphs/NitLogo.jp
g used on input line 22.
(pdftex.def)             Requested size: 184.28568pt x 184.28789pt.
 [1

{C:/ProgramData/MiKTeX/2.9/pdftex/config/pdftex.map} <C:/Users/RAJ/OneDrive/sem
_10/Project/Graphs/NitLogo.jpg>] [1] [2] [3] [4] [5]
Underfull \hbox (badness 10000) in paragraph at lines 159--167

 []

LaTeX Font Info:    Try loading font information for U+msa on input line 169.
("C:\Program Files\MiKTeX 2.9\tex\latex\amsfonts\umsa.fd"
File: umsa.fd 2013/01/14 v3.01 AMS symbols A
)
LaTeX Font Info:    Try loading font information for U+msb on input line 169.

("C:\Program Files\MiKTeX 2.9\tex\latex\amsfonts\umsb.fd"
File: umsb.fd 2013/01/14 v3.01 AMS symbols B
)
Underfull \hbox (badness 10000) in paragraph at lines 180--191

 []

[1]
Missing character: There is no â in font cmr12!
Missing character: There is no ˆ in font cmr12!
Missing character: There is no ’ in font cmr12!
Missing character: There is no â in font cmr12!
Missing character: There is no ˆ in font cmr12!
Missing character: There is no ’ in font cmr12!
 [2]
Overfull \hbox (8.04253pt too wide) detected at line 214
\OML/cmm/m/it/12 f\OT1/cmr/m/n/12 (\OML/cmm/m/it/12 x\OT1/cmr/m/n/12 ) = []
 []


<C:/Users/RAJ/OneDrive/sem_10/Project/Graphs/pdf.jpeg, id=36, 803.0pt x 599.238
75pt>
File: C:/Users/RAJ/OneDrive/sem_10/Project/Graphs/pdf.jpeg Graphic file (type j
pg)
 <use C:/Users/RAJ/OneDrive/sem_10/Project/Graphs/pdf.jpeg>
Package pdftex.def Info: C:/Users/RAJ/OneDrive/sem_10/Project/Graphs/pdf.jpeg u
sed on input line 216.
(pdftex.def)             Requested size: 184.28568pt x 137.52026pt.

Underfull \hbox (badness 10000) in paragraph at lines 204--218

 []


Overfull \vbox (42.07535pt too high) detected at line 218
 []


Overfull \vbox (130.99521pt too high) detected at line 218
 []


<C:/Users/RAJ/OneDrive/sem_10/Project/Graphs/cdf.jpeg, id=37, 803.0pt x 599.238
75pt>
File: C:/Users/RAJ/OneDrive/sem_10/Project/Graphs/cdf.jpeg Graphic file (type j
pg)
 <use C:/Users/RAJ/OneDrive/sem_10/Project/Graphs/cdf.jpeg>
Package pdftex.def Info: C:/Users/RAJ/OneDrive/sem_10/Project/Graphs/cdf.jpeg u
sed on input line 234.
(pdftex.def)             Requested size: 184.28568pt x 137.52026pt.

Overfull \vbox (42.07535pt too high) detected at line 236
 []


Overfull \vbox (130.99521pt too high) detected at line 236
 []


Underfull \hbox (badness 10000) in paragraph at lines 237--238

 []

[3 <C:/Users/RAJ/OneDrive/sem_10/Project/Graphs/pdf.jpeg> <C:/Users/RAJ/OneDriv
e/sem_10/Project/Graphs/cdf.jpeg>] [4]
Underfull \hbox (badness 10000) in paragraph at lines 294--295

 []

[5]
Underfull \hbox (badness 10000) in paragraph at lines 337--339

 []

[6] [7]
<C:/Users/RAJ/OneDrive/sem_10/Project/Graphs/survivor.jpeg, id=59, 803.0pt x 59
9.23875pt>
File: C:/Users/RAJ/OneDrive/sem_10/Project/Graphs/survivor.jpeg Graphic file (t
ype jpg)
 <use C:/Users/RAJ/OneDrive/sem_10/Project/Graphs/survivor.jpeg>
Package pdftex.def Info: C:/Users/RAJ/OneDrive/sem_10/Project/Graphs/survivor.j
peg used on input line 377.
(pdftex.def)             Requested size: 184.28568pt x 137.52026pt.

Overfull \vbox (28.57484pt too high) detected at line 379
 []


Overfull \vbox (130.99521pt too high) detected at line 379
 []

Missing character: There is no â in font cmr12!
Missing character: There is no € in font cmr12!
Missing character: There is no ™ in font cmr12!

Underfull \hbox (badness 10000) in paragraph at lines 381--383

 []


Underfull \hbox (badness 10000) in paragraph at lines 386--387

 []


<C:/Users/RAJ/OneDrive/sem_10/Project/Graphs/hazard.jpeg, id=60, 803.0pt x 599.
23875pt>
File: C:/Users/RAJ/OneDrive/sem_10/Project/Graphs/hazard.jpeg Graphic file (typ
e jpg)
 <use C:/Users/RAJ/OneDrive/sem_10/Project/Graphs/hazard.jpeg>
Package pdftex.def Info: C:/Users/RAJ/OneDrive/sem_10/Project/Graphs/hazard.jpe
g used on input line 405.
(pdftex.def)             Requested size: 184.28568pt x 137.52026pt.

Overfull \vbox (28.57484pt too high) detected at line 407
 []


Overfull \vbox (130.99521pt too high) detected at line 407
 []

[8 <C:/Users/RAJ/OneDrive/sem_10/Project/Graphs/survivor.jpeg>]
<C:/Users/RAJ/OneDrive/sem_10/Project/Graphs/cumulative_hazard.jpeg, id=64, 803
.0pt x 599.23875pt>
File: C:/Users/RAJ/OneDrive/sem_10/Project/Graphs/cumulative_hazard.jpeg Graphi
c file (type jpg)

<use C:/Users/RAJ/OneDrive/sem_10/Project/Graphs/cumulative_hazard.jpeg>
Package pdftex.def Info: C:/Users/RAJ/OneDrive/sem_10/Project/Graphs/cumulative
_hazard.jpeg used on input line 422.
(pdftex.def)             Requested size: 184.28568pt x 137.52026pt.

Overfull \vbox (28.57484pt too high) detected at line 424
 []


Overfull \vbox (130.99521pt too high) detected at line 424
 []

[9 <C:/Users/RAJ/OneDrive/sem_10/Project/Graphs/hazard.jpeg> <C:/Users/RAJ/OneD
rive/sem_10/Project/Graphs/cumulative_hazard.jpeg>]
Underfull \hbox (badness 10000) in paragraph at lines 441--445

 []


Underfull \hbox (badness 10000) in paragraph at lines 446--448

 []


Underfull \hbox (badness 10000) in paragraph at lines 451--452

 []


Underfull \hbox (badness 10000) in paragraph at lines 457--460

 []

[10]
Underfull \hbox (badness 10000) in paragraph at lines 468--470

 []

[11]
Overfull \hbox (9.00763pt too wide) in paragraph at lines 502--503
[]\OT1/cmr/m/n/12 Considering the un-cen-sored(observed) part of $\OML/cmm/m/it
/12 x[]; x[]; x[]; ::; x[]$\OT1/cmr/m/n/12 a vec-tor $\OML/cmm/m/it/12 y \OT1/c
mr/m/n/12 = (\OML/cmm/m/it/12 y[]; y[]; y[]; ::; y[]\OT1/cmr/m/n/12 )$
 []


Underfull \hbox (badness 10000) in paragraph at lines 502--503

 []

[12] [13]
Underfull \hbox (badness 10000) in paragraph at lines 567--568

 []


Underfull \hbox (badness 10000) in paragraph at lines 572--574

 []

[14]
Underfull \hbox (badness 10000) in paragraph at lines 585--592

 []

[15]
Underfull \hbox (badness 10000) in paragraph at lines 619--620

 []


Underfull \hbox (badness 10000) in paragraph at lines 621--623

 []


Underfull \hbox (badness 10000) in paragraph at lines 636--637

 []

[16] (C:\Users\RAJ\OneDrive\sem_10\Project\Msc_thesis.aux) ) 
Here is how much of TeX's memory you used:
 2699 strings out of 493921
 34711 string characters out of 3147288
 180828 words of memory out of 3000000
 5949 multiletter control sequences out of 15000+200000
 9565 words of font info for 36 fonts, out of 3000000 for 9000
 841 hyphenation exceptions out of 8191
 27i,11n,24p,799b,232s stack positions out of 5000i,500n,10000p,200000b,50000s
<C:/Program Files/M
iKTeX 2.9/fonts/type1/public/amsfonts/cm/cmbx12.pfb><C:/Program Files/MiKTeX 2.
9/fonts/type1/public/amsfonts/cm/cmbxti10.pfb><C:/Program Files/MiKTeX 2.9/font
s/type1/public/amsfonts/cm/cmex10.pfb><C:/Program Files/MiKTeX 2.9/fonts/type1/
public/amsfonts/cmextra/cmex8.pfb><C:/Program Files/MiKTeX 2.9/fonts/type1/publ
ic/amsfonts/cm/cmmi12.pfb><C:/Program Files/MiKTeX 2.9/fonts/type1/public/amsfo
nts/cm/cmmi6.pfb><C:/Program Files/MiKTeX 2.9/fonts/type1/public/amsfonts/cm/cm
mi8.pfb><C:/Program Files/MiKTeX 2.9/fonts/type1/public/amsfonts/cm/cmr12.pfb><
C:/Program Files/MiKTeX 2.9/fonts/type1/public/amsfonts/cm/cmr6.pfb><C:/Program
 Files/MiKTeX 2.9/fonts/type1/public/amsfonts/cm/cmr8.pfb><C:/Program Files/MiK
TeX 2.9/fonts/type1/public/amsfonts/cm/cmsy10.pfb><C:/Program Files/MiKTeX 2.9/
fonts/type1/public/amsfonts/cm/cmsy6.pfb><C:/Program Files/MiKTeX 2.9/fonts/typ
e1/public/amsfonts/cm/cmsy8.pfb><C:/Program Files/MiKTeX 2.9/fonts/type1/public
/amsfonts/symbols/msbm10.pfb>
Output written on Msc_thesis.pdf (22 pages, 524776 bytes).
PDF statistics:
 135 PDF objects out of 1000 (max. 8388607)
 0 named destinations out of 1000 (max. 500000)
 31 words of extra memory for PDF output out of 10000 (max. 10000000)

